{"G:\\Projects\\tasks-generator\\server\\controllers\\healthController.js": {"path":"G:\\Projects\\tasks-generator\\server\\controllers\\healthController.js","statementMap":{"0":{"start":{"line":1,"column":17},"end":{"line":1,"column":36}},"1":{"start":{"line":2,"column":37},"end":{"line":2,"column":68}},"2":{"start":{"line":3,"column":15},"end":{"line":3,"column":42}},"3":{"start":{"line":4,"column":11},"end":{"line":4,"column":24}},"4":{"start":{"line":7,"column":26},"end":{"line":90,"column":1}},"5":{"start":{"line":8,"column":2},"end":{"line":89,"column":3}},"6":{"start":{"line":9,"column":22},"end":{"line":9,"column":32}},"7":{"start":{"line":12,"column":21},"end":{"line":17,"column":5}},"8":{"start":{"line":20,"column":19},"end":{"line":24,"column":5}},"9":{"start":{"line":26,"column":4},"end":{"line":32,"column":5}},"10":{"start":{"line":27,"column":26},"end":{"line":27,"column":58}},"11":{"start":{"line":28,"column":6},"end":{"line":28,"column":62}},"12":{"start":{"line":30,"column":6},"end":{"line":30,"column":36}},"13":{"start":{"line":31,"column":6},"end":{"line":31,"column":37}},"14":{"start":{"line":35,"column":23},"end":{"line":50,"column":5}},"15":{"start":{"line":54,"column":6},"end":{"line":55,"column":35}},"16":{"start":{"line":57,"column":25},"end":{"line":57,"column":47}},"17":{"start":{"line":59,"column":23},"end":{"line":69,"column":5}},"18":{"start":{"line":71,"column":4},"end":{"line":74,"column":7}},"19":{"start":{"line":76,"column":4},"end":{"line":76,"column":55}},"20":{"start":{"line":79,"column":4},"end":{"line":82,"column":7}},"21":{"start":{"line":84,"column":4},"end":{"line":88,"column":7}},"22":{"start":{"line":93,"column":20},"end":{"line":98,"column":1}},"23":{"start":{"line":94,"column":2},"end":{"line":97,"column":5}},"24":{"start":{"line":101,"column":21},"end":{"line":122,"column":1}},"25":{"start":{"line":102,"column":2},"end":{"line":121,"column":3}},"26":{"start":{"line":104,"column":4},"end":{"line":109,"column":5}},"27":{"start":{"line":105,"column":6},"end":{"line":108,"column":9}},"28":{"start":{"line":111,"column":4},"end":{"line":114,"column":7}},"29":{"start":{"line":117,"column":4},"end":{"line":120,"column":7}},"30":{"start":{"line":125,"column":19},"end":{"line":164,"column":1}},"31":{"start":{"line":126,"column":2},"end":{"line":163,"column":3}},"32":{"start":{"line":127,"column":26},"end":{"line":127,"column":60}},"33":{"start":{"line":130,"column":23},"end":{"line":130,"column":59}},"34":{"start":{"line":131,"column":23},"end":{"line":133,"column":6}},"35":{"start":{"line":134,"column":26},"end":{"line":136,"column":6}},"36":{"start":{"line":138,"column":20},"end":{"line":150,"column":5}},"37":{"start":{"line":152,"column":4},"end":{"line":152,"column":22}},"38":{"start":{"line":155,"column":4},"end":{"line":157,"column":7}},"39":{"start":{"line":159,"column":4},"end":{"line":162,"column":7}},"40":{"start":{"line":166,"column":0},"end":{"line":171,"column":2}}},"fnMap":{"0":{"name":"(anonymous_0)","decl":{"start":{"line":7,"column":26},"end":{"line":7,"column":27}},"loc":{"start":{"line":7,"column":46},"end":{"line":90,"column":1}},"line":7},"1":{"name":"(anonymous_1)","decl":{"start":{"line":93,"column":20},"end":{"line":93,"column":21}},"loc":{"start":{"line":93,"column":34},"end":{"line":98,"column":1}},"line":93},"2":{"name":"(anonymous_2)","decl":{"start":{"line":101,"column":21},"end":{"line":101,"column":22}},"loc":{"start":{"line":101,"column":41},"end":{"line":122,"column":1}},"line":101},"3":{"name":"(anonymous_3)","decl":{"start":{"line":125,"column":19},"end":{"line":125,"column":20}},"loc":{"start":{"line":125,"column":39},"end":{"line":164,"column":1}},"line":125}},"branchMap":{"0":{"loc":{"start":{"line":13,"column":14},"end":{"line":13,"column":76}},"type":"cond-expr","locations":[{"start":{"line":13,"column":53},"end":{"line":13,"column":62}},{"start":{"line":13,"column":65},"end":{"line":13,"column":76}}],"line":13},"1":{"loc":{"start":{"line":28,"column":24},"end":{"line":28,"column":61}},"type":"cond-expr","locations":[{"start":{"line":28,"column":38},"end":{"line":28,"column":47}},{"start":{"line":28,"column":50},"end":{"line":28,"column":61}}],"line":28},"2":{"loc":{"start":{"line":54,"column":6},"end":{"line":55,"column":35}},"type":"binary-expr","locations":[{"start":{"line":54,"column":6},"end":{"line":54,"column":35}},{"start":{"line":55,"column":6},"end":{"line":55,"column":35}}],"line":54},"3":{"loc":{"start":{"line":61,"column":15},"end":{"line":61,"column":49}},"type":"cond-expr","locations":[{"start":{"line":61,"column":27},"end":{"line":61,"column":36}},{"start":{"line":61,"column":39},"end":{"line":61,"column":49}}],"line":61},"4":{"loc":{"start":{"line":76,"column":15},"end":{"line":76,"column":36}},"type":"cond-expr","locations":[{"start":{"line":76,"column":27},"end":{"line":76,"column":30}},{"start":{"line":76,"column":33},"end":{"line":76,"column":36}}],"line":76},"5":{"loc":{"start":{"line":104,"column":4},"end":{"line":109,"column":5}},"type":"if","locations":[{"start":{"line":104,"column":4},"end":{"line":109,"column":5}},{"start":{},"end":{}}],"line":104}},"s":{"0":0,"1":0,"2":0,"3":0,"4":0,"5":0,"6":0,"7":0,"8":0,"9":0,"10":0,"11":0,"12":0,"13":0,"14":0,"15":0,"16":0,"17":0,"18":0,"19":0,"20":0,"21":0,"22":0,"23":0,"24":0,"25":0,"26":0,"27":0,"28":0,"29":0,"30":0,"31":0,"32":0,"33":0,"34":0,"35":0,"36":0,"37":0,"38":0,"39":0,"40":0},"f":{"0":0,"1":0,"2":0,"3":0},"b":{"0":[0,0],"1":[0,0],"2":[0,0],"3":[0,0],"4":[0,0],"5":[0,0]}}
,"G:\\Projects\\tasks-generator\\server\\controllers\\specificationController.js": {"path":"G:\\Projects\\tasks-generator\\server\\controllers\\specificationController.js","statementMap":{"0":{"start":{"line":1,"column":22},"end":{"line":1,"column":56}},"1":{"start":{"line":3,"column":24},"end":{"line":3,"column":57}},"2":{"start":{"line":4,"column":45},"end":{"line":4,"column":72}},"3":{"start":{"line":7,"column":30},"end":{"line":100,"column":1}},"4":{"start":{"line":8,"column":2},"end":{"line":99,"column":3}},"5":{"start":{"line":9,"column":62},"end":{"line":9,"column":70}},"6":{"start":{"line":12,"column":19},"end":{"line":12,"column":70}},"7":{"start":{"line":28,"column":25},"end":{"line":28,"column":63}},"8":{"start":{"line":30,"column":2},"end":{"line":32,"column":3}},"9":{"start":{"line":31,"column":4},"end":{"line":31,"column":43}},"10":{"start":{"line":35,"column":2},"end":{"line":44,"column":3}},"11":{"start":{"line":36,"column":24},"end":{"line":39,"column":13}},"12":{"start":{"line":40,"column":4},"end":{"line":40,"column":41}},"13":{"start":{"line":42,"column":4},"end":{"line":42,"column":64}},"14":{"start":{"line":43,"column":4},"end":{"line":43,"column":70}},"15":{"start":{"line":47,"column":18},"end":{"line":47,"column":20}},"16":{"start":{"line":48,"column":20},"end":{"line":48,"column":21}},"17":{"start":{"line":51,"column":4},"end":{"line":62,"column":5}},"18":{"start":{"line":52,"column":6},"end":{"line":61,"column":9}},"19":{"start":{"line":53,"column":8},"end":{"line":60,"column":11}},"20":{"start":{"line":65,"column":4},"end":{"line":76,"column":5}},"21":{"start":{"line":66,"column":6},"end":{"line":75,"column":9}},"22":{"start":{"line":67,"column":8},"end":{"line":74,"column":11}},"23":{"start":{"line":79,"column":26},"end":{"line":85,"column":6}},"24":{"start":{"line":87,"column":4},"end":{"line":87,"column":31}},"25":{"start":{"line":89,"column":4},"end":{"line":92,"column":7}},"26":{"start":{"line":94,"column":4},"end":{"line":94,"column":58}},"27":{"start":{"line":95,"column":4},"end":{"line":98,"column":7}},"28":{"start":{"line":103,"column":32},"end":{"line":120,"column":1}},"29":{"start":{"line":104,"column":2},"end":{"line":119,"column":3}},"30":{"start":{"line":105,"column":27},"end":{"line":108,"column":76}},"31":{"start":{"line":110,"column":4},"end":{"line":113,"column":7}},"32":{"start":{"line":115,"column":4},"end":{"line":118,"column":7}},"33":{"start":{"line":123,"column":25},"end":{"line":144,"column":1}},"34":{"start":{"line":124,"column":2},"end":{"line":143,"column":3}},"35":{"start":{"line":125,"column":26},"end":{"line":125,"column":69}},"36":{"start":{"line":127,"column":4},"end":{"line":132,"column":5}},"37":{"start":{"line":128,"column":6},"end":{"line":131,"column":9}},"38":{"start":{"line":134,"column":4},"end":{"line":137,"column":7}},"39":{"start":{"line":139,"column":4},"end":{"line":142,"column":7}},"40":{"start":{"line":147,"column":28},"end":{"line":177,"column":1}},"41":{"start":{"line":148,"column":2},"end":{"line":176,"column":3}},"42":{"start":{"line":149,"column":47},"end":{"line":149,"column":55}},"43":{"start":{"line":151,"column":26},"end":{"line":151,"column":69}},"44":{"start":{"line":153,"column":4},"end":{"line":158,"column":5}},"45":{"start":{"line":154,"column":6},"end":{"line":157,"column":9}},"46":{"start":{"line":160,"column":4},"end":{"line":160,"column":43}},"47":{"start":{"line":160,"column":15},"end":{"line":160,"column":43}},"48":{"start":{"line":161,"column":4},"end":{"line":161,"column":46}},"49":{"start":{"line":161,"column":16},"end":{"line":161,"column":46}},"50":{"start":{"line":162,"column":4},"end":{"line":162,"column":57}},"51":{"start":{"line":162,"column":29},"end":{"line":162,"column":57}},"52":{"start":{"line":163,"column":4},"end":{"line":163,"column":66}},"53":{"start":{"line":163,"column":32},"end":{"line":163,"column":66}},"54":{"start":{"line":165,"column":4},"end":{"line":165,"column":31}},"55":{"start":{"line":167,"column":4},"end":{"line":170,"column":7}},"56":{"start":{"line":172,"column":4},"end":{"line":175,"column":7}},"57":{"start":{"line":180,"column":28},"end":{"line":203,"column":1}},"58":{"start":{"line":181,"column":2},"end":{"line":202,"column":3}},"59":{"start":{"line":182,"column":26},"end":{"line":182,"column":69}},"60":{"start":{"line":184,"column":4},"end":{"line":189,"column":5}},"61":{"start":{"line":185,"column":6},"end":{"line":188,"column":9}},"62":{"start":{"line":191,"column":4},"end":{"line":191,"column":36}},"63":{"start":{"line":193,"column":4},"end":{"line":196,"column":7}},"64":{"start":{"line":198,"column":4},"end":{"line":201,"column":7}},"65":{"start":{"line":205,"column":0},"end":{"line":211,"column":2}}},"fnMap":{"0":{"name":"(anonymous_0)","decl":{"start":{"line":7,"column":30},"end":{"line":7,"column":31}},"loc":{"start":{"line":7,"column":50},"end":{"line":100,"column":1}},"line":7},"1":{"name":"(anonymous_1)","decl":{"start":{"line":52,"column":37},"end":{"line":52,"column":38}},"loc":{"start":{"line":52,"column":48},"end":{"line":61,"column":7}},"line":52},"2":{"name":"(anonymous_2)","decl":{"start":{"line":66,"column":42},"end":{"line":66,"column":43}},"loc":{"start":{"line":66,"column":52},"end":{"line":75,"column":7}},"line":66},"3":{"name":"(anonymous_3)","decl":{"start":{"line":103,"column":32},"end":{"line":103,"column":33}},"loc":{"start":{"line":103,"column":52},"end":{"line":120,"column":1}},"line":103},"4":{"name":"(anonymous_4)","decl":{"start":{"line":123,"column":25},"end":{"line":123,"column":26}},"loc":{"start":{"line":123,"column":45},"end":{"line":144,"column":1}},"line":123},"5":{"name":"(anonymous_5)","decl":{"start":{"line":147,"column":28},"end":{"line":147,"column":29}},"loc":{"start":{"line":147,"column":48},"end":{"line":177,"column":1}},"line":147},"6":{"name":"(anonymous_6)","decl":{"start":{"line":180,"column":28},"end":{"line":180,"column":29}},"loc":{"start":{"line":180,"column":48},"end":{"line":203,"column":1}},"line":180}},"branchMap":{"0":{"loc":{"start":{"line":9,"column":38},"end":{"line":9,"column":57}},"type":"default-arg","locations":[{"start":{"line":9,"column":49},"end":{"line":9,"column":57}}],"line":9},"1":{"loc":{"start":{"line":30,"column":2},"end":{"line":32,"column":3}},"type":"if","locations":[{"start":{"line":30,"column":2},"end":{"line":32,"column":3}},{"start":{},"end":{}}],"line":30},"2":{"loc":{"start":{"line":51,"column":4},"end":{"line":62,"column":5}},"type":"if","locations":[{"start":{"line":51,"column":4},"end":{"line":62,"column":5}},{"start":{},"end":{}}],"line":51},"3":{"loc":{"start":{"line":51,"column":8},"end":{"line":51,"column":71}},"type":"binary-expr","locations":[{"start":{"line":51,"column":8},"end":{"line":51,"column":30}},{"start":{"line":51,"column":34},"end":{"line":51,"column":71}}],"line":51},"4":{"loc":{"start":{"line":58,"column":20},"end":{"line":58,"column":46}},"type":"binary-expr","locations":[{"start":{"line":58,"column":20},"end":{"line":58,"column":34}},{"start":{"line":58,"column":38},"end":{"line":58,"column":46}}],"line":58},"5":{"loc":{"start":{"line":65,"column":4},"end":{"line":76,"column":5}},"type":"if","locations":[{"start":{"line":65,"column":4},"end":{"line":76,"column":5}},{"start":{},"end":{}}],"line":65},"6":{"loc":{"start":{"line":65,"column":8},"end":{"line":65,"column":81}},"type":"binary-expr","locations":[{"start":{"line":65,"column":8},"end":{"line":65,"column":35}},{"start":{"line":65,"column":39},"end":{"line":65,"column":81}}],"line":65},"7":{"loc":{"start":{"line":72,"column":20},"end":{"line":72,"column":45}},"type":"binary-expr","locations":[{"start":{"line":72,"column":20},"end":{"line":72,"column":33}},{"start":{"line":72,"column":37},"end":{"line":72,"column":45}}],"line":72},"8":{"loc":{"start":{"line":83,"column":13},"end":{"line":83,"column":35}},"type":"binary-expr","locations":[{"start":{"line":83,"column":13},"end":{"line":83,"column":29}},{"start":{"line":83,"column":33},"end":{"line":83,"column":35}}],"line":83},"9":{"loc":{"start":{"line":84,"column":16},"end":{"line":84,"column":41}},"type":"binary-expr","locations":[{"start":{"line":84,"column":16},"end":{"line":84,"column":35}},{"start":{"line":84,"column":39},"end":{"line":84,"column":41}}],"line":84},"10":{"loc":{"start":{"line":97,"column":13},"end":{"line":97,"column":64}},"type":"binary-expr","locations":[{"start":{"line":97,"column":13},"end":{"line":97,"column":26}},{"start":{"line":97,"column":30},"end":{"line":97,"column":64}}],"line":97},"11":{"loc":{"start":{"line":127,"column":4},"end":{"line":132,"column":5}},"type":"if","locations":[{"start":{"line":127,"column":4},"end":{"line":132,"column":5}},{"start":{},"end":{}}],"line":127},"12":{"loc":{"start":{"line":153,"column":4},"end":{"line":158,"column":5}},"type":"if","locations":[{"start":{"line":153,"column":4},"end":{"line":158,"column":5}},{"start":{},"end":{}}],"line":153},"13":{"loc":{"start":{"line":160,"column":4},"end":{"line":160,"column":43}},"type":"if","locations":[{"start":{"line":160,"column":4},"end":{"line":160,"column":43}},{"start":{},"end":{}}],"line":160},"14":{"loc":{"start":{"line":161,"column":4},"end":{"line":161,"column":46}},"type":"if","locations":[{"start":{"line":161,"column":4},"end":{"line":161,"column":46}},{"start":{},"end":{}}],"line":161},"15":{"loc":{"start":{"line":162,"column":4},"end":{"line":162,"column":57}},"type":"if","locations":[{"start":{"line":162,"column":4},"end":{"line":162,"column":57}},{"start":{},"end":{}}],"line":162},"16":{"loc":{"start":{"line":163,"column":4},"end":{"line":163,"column":66}},"type":"if","locations":[{"start":{"line":163,"column":4},"end":{"line":163,"column":66}},{"start":{},"end":{}}],"line":163},"17":{"loc":{"start":{"line":184,"column":4},"end":{"line":189,"column":5}},"type":"if","locations":[{"start":{"line":184,"column":4},"end":{"line":189,"column":5}},{"start":{},"end":{}}],"line":184}},"s":{"0":1,"1":1,"2":1,"3":1,"4":2,"5":2,"6":2,"7":2,"8":2,"9":0,"10":2,"11":2,"12":2,"13":0,"14":0,"15":2,"16":2,"17":2,"18":2,"19":2,"20":2,"21":2,"22":2,"23":2,"24":2,"25":2,"26":0,"27":0,"28":1,"29":3,"30":3,"31":3,"32":0,"33":1,"34":2,"35":2,"36":2,"37":1,"38":1,"39":0,"40":1,"41":2,"42":2,"43":2,"44":2,"45":0,"46":2,"47":1,"48":2,"49":0,"50":2,"51":1,"52":2,"53":1,"54":2,"55":2,"56":0,"57":1,"58":2,"59":2,"60":2,"61":1,"62":1,"63":1,"64":0,"65":1},"f":{"0":2,"1":2,"2":2,"3":3,"4":2,"5":2,"6":2},"b":{"0":[0],"1":[0,2],"2":[2,0],"3":[2,2],"4":[2,0],"5":[2,0],"6":[2,2],"7":[2,0],"8":[2,0],"9":[2,0],"10":[0,0],"11":[1,1],"12":[0,2],"13":[1,1],"14":[0,2],"15":[1,1],"16":[1,1],"17":[1,1]},"_coverageSchema":"1a1c01bbd47fc00a2c39e90264f33305004495a9","hash":"3d70bf65efe909f3e742d36b84555ab1280d2e9a"}
,"G:\\Projects\\tasks-generator\\server\\controllers\\statusController.js": {"path":"G:\\Projects\\tasks-generator\\server\\controllers\\statusController.js","statementMap":{"0":{"start":{"line":1,"column":17},"end":{"line":1,"column":36}},"1":{"start":{"line":2,"column":37},"end":{"line":2,"column":68}},"2":{"start":{"line":4,"column":24},"end":{"line":52,"column":1}},"3":{"start":{"line":5,"column":2},"end":{"line":51,"column":3}},"4":{"start":{"line":7,"column":26},"end":{"line":11,"column":5}},"5":{"start":{"line":13,"column":21},"end":{"line":17,"column":5}},"6":{"start":{"line":20,"column":20},"end":{"line":24,"column":5}},"7":{"start":{"line":26,"column":4},"end":{"line":32,"column":5}},"8":{"start":{"line":27,"column":26},"end":{"line":27,"column":58}},"9":{"start":{"line":28,"column":6},"end":{"line":28,"column":68}},"10":{"start":{"line":30,"column":6},"end":{"line":30,"column":33}},"11":{"start":{"line":31,"column":6},"end":{"line":31,"column":38}},"12":{"start":{"line":34,"column":4},"end":{"line":45,"column":7}},"13":{"start":{"line":47,"column":4},"end":{"line":50,"column":7}},"14":{"start":{"line":54,"column":0},"end":{"line":54,"column":37}}},"fnMap":{"0":{"name":"(anonymous_0)","decl":{"start":{"line":4,"column":24},"end":{"line":4,"column":25}},"loc":{"start":{"line":4,"column":44},"end":{"line":52,"column":1}},"line":4}},"branchMap":{"0":{"loc":{"start":{"line":14,"column":14},"end":{"line":14,"column":81}},"type":"cond-expr","locations":[{"start":{"line":14,"column":53},"end":{"line":14,"column":64}},{"start":{"line":14,"column":67},"end":{"line":14,"column":81}}],"line":14},"1":{"loc":{"start":{"line":28,"column":25},"end":{"line":28,"column":67}},"type":"cond-expr","locations":[{"start":{"line":28,"column":39},"end":{"line":28,"column":50}},{"start":{"line":28,"column":53},"end":{"line":28,"column":67}}],"line":28},"2":{"loc":{"start":{"line":40,"column":8},"end":{"line":44,"column":22}},"type":"cond-expr","locations":[{"start":{"line":43,"column":12},"end":{"line":43,"column":21}},{"start":{"line":44,"column":12},"end":{"line":44,"column":22}}],"line":40},"3":{"loc":{"start":{"line":40,"column":8},"end":{"line":42,"column":40}},"type":"binary-expr","locations":[{"start":{"line":40,"column":8},"end":{"line":40,"column":42}},{"start":{"line":41,"column":8},"end":{"line":41,"column":39}},{"start":{"line":42,"column":8},"end":{"line":42,"column":40}}],"line":40}},"s":{"0":0,"1":0,"2":0,"3":0,"4":0,"5":0,"6":0,"7":0,"8":0,"9":0,"10":0,"11":0,"12":0,"13":0,"14":0},"f":{"0":0},"b":{"0":[0,0],"1":[0,0],"2":[0,0],"3":[0,0,0]}}
,"G:\\Projects\\tasks-generator\\server\\middleware\\errorHandler.js": {"path":"G:\\Projects\\tasks-generator\\server\\middleware\\errorHandler.js","statementMap":{"0":{"start":{"line":1,"column":15},"end":{"line":1,"column":42}},"1":{"start":{"line":6,"column":4},"end":{"line":6,"column":19}},"2":{"start":{"line":7,"column":4},"end":{"line":7,"column":33}},"3":{"start":{"line":8,"column":4},"end":{"line":8,"column":39}},"4":{"start":{"line":9,"column":4},"end":{"line":9,"column":69}},"5":{"start":{"line":10,"column":4},"end":{"line":10,"column":52}},"6":{"start":{"line":15,"column":21},"end":{"line":63,"column":1}},"7":{"start":{"line":16,"column":14},"end":{"line":16,"column":24}},"8":{"start":{"line":17,"column":2},"end":{"line":17,"column":30}},"9":{"start":{"line":18,"column":2},"end":{"line":18,"column":26}},"10":{"start":{"line":21,"column":2},"end":{"line":31,"column":5}},"11":{"start":{"line":34,"column":2},"end":{"line":37,"column":3}},"12":{"start":{"line":35,"column":20},"end":{"line":35,"column":40}},"13":{"start":{"line":36,"column":4},"end":{"line":36,"column":39}},"14":{"start":{"line":40,"column":2},"end":{"line":43,"column":3}},"15":{"start":{"line":41,"column":20},"end":{"line":41,"column":51}},"16":{"start":{"line":42,"column":4},"end":{"line":42,"column":39}},"17":{"start":{"line":46,"column":2},"end":{"line":49,"column":3}},"18":{"start":{"line":47,"column":20},"end":{"line":47,"column":71}},"19":{"start":{"line":47,"column":59},"end":{"line":47,"column":70}},"20":{"start":{"line":48,"column":4},"end":{"line":48,"column":39}},"21":{"start":{"line":52,"column":2},"end":{"line":55,"column":3}},"22":{"start":{"line":53,"column":20},"end":{"line":53,"column":71}},"23":{"start":{"line":54,"column":4},"end":{"line":54,"column":55}},"24":{"start":{"line":58,"column":2},"end":{"line":62,"column":5}},"25":{"start":{"line":66,"column":21},"end":{"line":68,"column":1}},"26":{"start":{"line":66,"column":29},"end":{"line":68,"column":1}},"27":{"start":{"line":67,"column":2},"end":{"line":67,"column":50}},"28":{"start":{"line":71,"column":17},"end":{"line":79,"column":1}},"29":{"start":{"line":72,"column":16},"end":{"line":72,"column":73}},"30":{"start":{"line":73,"column":2},"end":{"line":77,"column":5}},"31":{"start":{"line":78,"column":2},"end":{"line":78,"column":14}},"32":{"start":{"line":81,"column":0},"end":{"line":86,"column":2}}},"fnMap":{"0":{"name":"(anonymous_0)","decl":{"start":{"line":5,"column":2},"end":{"line":5,"column":3}},"loc":{"start":{"line":5,"column":57},"end":{"line":11,"column":3}},"line":5},"1":{"name":"(anonymous_1)","decl":{"start":{"line":15,"column":21},"end":{"line":15,"column":22}},"loc":{"start":{"line":15,"column":46},"end":{"line":63,"column":1}},"line":15},"2":{"name":"(anonymous_2)","decl":{"start":{"line":47,"column":50},"end":{"line":47,"column":51}},"loc":{"start":{"line":47,"column":59},"end":{"line":47,"column":70}},"line":47},"3":{"name":"(anonymous_3)","decl":{"start":{"line":66,"column":21},"end":{"line":66,"column":22}},"loc":{"start":{"line":66,"column":29},"end":{"line":68,"column":1}},"line":66},"4":{"name":"(anonymous_4)","decl":{"start":{"line":66,"column":29},"end":{"line":66,"column":30}},"loc":{"start":{"line":66,"column":49},"end":{"line":68,"column":1}},"line":66},"5":{"name":"(anonymous_5)","decl":{"start":{"line":71,"column":17},"end":{"line":71,"column":18}},"loc":{"start":{"line":71,"column":37},"end":{"line":79,"column":1}},"line":71}},"branchMap":{"0":{"loc":{"start":{"line":5,"column":35},"end":{"line":5,"column":55}},"type":"default-arg","locations":[{"start":{"line":5,"column":51},"end":{"line":5,"column":55}}],"line":5},"1":{"loc":{"start":{"line":9,"column":18},"end":{"line":9,"column":68}},"type":"cond-expr","locations":[{"start":{"line":9,"column":52},"end":{"line":9,"column":58}},{"start":{"line":9,"column":61},"end":{"line":9,"column":68}}],"line":9},"2":{"loc":{"start":{"line":24,"column":16},"end":{"line":24,"column":39}},"type":"binary-expr","locations":[{"start":{"line":24,"column":16},"end":{"line":24,"column":32}},{"start":{"line":24,"column":36},"end":{"line":24,"column":39}}],"line":24},"3":{"loc":{"start":{"line":34,"column":2},"end":{"line":37,"column":3}},"type":"if","locations":[{"start":{"line":34,"column":2},"end":{"line":37,"column":3}},{"start":{},"end":{}}],"line":34},"4":{"loc":{"start":{"line":40,"column":2},"end":{"line":43,"column":3}},"type":"if","locations":[{"start":{"line":40,"column":2},"end":{"line":43,"column":3}},{"start":{},"end":{}}],"line":40},"5":{"loc":{"start":{"line":46,"column":2},"end":{"line":49,"column":3}},"type":"if","locations":[{"start":{"line":46,"column":2},"end":{"line":49,"column":3}},{"start":{},"end":{}}],"line":46},"6":{"loc":{"start":{"line":52,"column":2},"end":{"line":55,"column":3}},"type":"if","locations":[{"start":{"line":52,"column":2},"end":{"line":55,"column":3}},{"start":{},"end":{}}],"line":52},"7":{"loc":{"start":{"line":52,"column":6},"end":{"line":52,"column":41}},"type":"binary-expr","locations":[{"start":{"line":52,"column":6},"end":{"line":52,"column":18}},{"start":{"line":52,"column":22},"end":{"line":52,"column":41}}],"line":52},"8":{"loc":{"start":{"line":53,"column":20},"end":{"line":53,"column":71}},"type":"binary-expr","locations":[{"start":{"line":53,"column":20},"end":{"line":53,"column":53}},{"start":{"line":53,"column":57},"end":{"line":53,"column":71}}],"line":53},"9":{"loc":{"start":{"line":58,"column":13},"end":{"line":58,"column":36}},"type":"binary-expr","locations":[{"start":{"line":58,"column":13},"end":{"line":58,"column":29}},{"start":{"line":58,"column":33},"end":{"line":58,"column":36}}],"line":58},"10":{"loc":{"start":{"line":60,"column":11},"end":{"line":60,"column":42}},"type":"binary-expr","locations":[{"start":{"line":60,"column":11},"end":{"line":60,"column":24}},{"start":{"line":60,"column":28},"end":{"line":60,"column":42}}],"line":60},"11":{"loc":{"start":{"line":61,"column":8},"end":{"line":61,"column":72}},"type":"binary-expr","locations":[{"start":{"line":61,"column":8},"end":{"line":61,"column":46}},{"start":{"line":61,"column":50},"end":{"line":61,"column":72}}],"line":61}},"s":{"0":0,"1":0,"2":0,"3":0,"4":0,"5":0,"6":0,"7":0,"8":0,"9":0,"10":0,"11":0,"12":0,"13":0,"14":0,"15":0,"16":0,"17":0,"18":0,"19":0,"20":0,"21":0,"22":0,"23":0,"24":0,"25":0,"26":0,"27":0,"28":0,"29":0,"30":0,"31":0,"32":0},"f":{"0":0,"1":0,"2":0,"3":0,"4":0,"5":0},"b":{"0":[0],"1":[0,0],"2":[0,0],"3":[0,0],"4":[0,0],"5":[0,0],"6":[0,0],"7":[0,0],"8":[0,0],"9":[0,0],"10":[0,0],"11":[0,0]}}
,"G:\\Projects\\tasks-generator\\server\\middleware\\validator.js": {"path":"G:\\Projects\\tasks-generator\\server\\middleware\\validator.js","statementMap":{"0":{"start":{"line":1,"column":15},"end":{"line":1,"column":42}},"1":{"start":{"line":6,"column":4},"end":{"line":6,"column":41}},"2":{"start":{"line":9,"column":29},"end":{"line":37,"column":1}},"3":{"start":{"line":10,"column":27},"end":{"line":13,"column":4}},"4":{"start":{"line":15,"column":2},"end":{"line":32,"column":3}},"5":{"start":{"line":16,"column":19},"end":{"line":19,"column":7}},"6":{"start":{"line":16,"column":50},"end":{"line":19,"column":5}},"7":{"start":{"line":21,"column":4},"end":{"line":25,"column":7}},"8":{"start":{"line":27,"column":4},"end":{"line":31,"column":7}},"9":{"start":{"line":35,"column":2},"end":{"line":35,"column":19}},"10":{"start":{"line":36,"column":2},"end":{"line":36,"column":9}},"11":{"start":{"line":40,"column":32},"end":{"line":57,"column":1}},"12":{"start":{"line":41,"column":20},"end":{"line":41,"column":58}},"13":{"start":{"line":43,"column":2},"end":{"line":54,"column":3}},"14":{"start":{"line":44,"column":4},"end":{"line":48,"column":7}},"15":{"start":{"line":50,"column":4},"end":{"line":53,"column":7}},"16":{"start":{"line":56,"column":2},"end":{"line":56,"column":9}},"17":{"start":{"line":60,"column":36},"end":{"line":87,"column":1}},"18":{"start":{"line":61,"column":27},"end":{"line":64,"column":4}},"19":{"start":{"line":66,"column":2},"end":{"line":83,"column":3}},"20":{"start":{"line":67,"column":19},"end":{"line":70,"column":7}},"21":{"start":{"line":67,"column":50},"end":{"line":70,"column":5}},"22":{"start":{"line":72,"column":4},"end":{"line":76,"column":7}},"23":{"start":{"line":78,"column":4},"end":{"line":82,"column":7}},"24":{"start":{"line":85,"column":2},"end":{"line":85,"column":19}},"25":{"start":{"line":86,"column":2},"end":{"line":86,"column":9}},"26":{"start":{"line":89,"column":0},"end":{"line":93,"column":2}}},"fnMap":{"0":{"name":"(anonymous_0)","decl":{"start":{"line":9,"column":29},"end":{"line":9,"column":30}},"loc":{"start":{"line":9,"column":49},"end":{"line":37,"column":1}},"line":9},"1":{"name":"(anonymous_1)","decl":{"start":{"line":16,"column":37},"end":{"line":16,"column":38}},"loc":{"start":{"line":16,"column":50},"end":{"line":19,"column":5}},"line":16},"2":{"name":"(anonymous_2)","decl":{"start":{"line":40,"column":32},"end":{"line":40,"column":33}},"loc":{"start":{"line":40,"column":52},"end":{"line":57,"column":1}},"line":40},"3":{"name":"(anonymous_3)","decl":{"start":{"line":60,"column":36},"end":{"line":60,"column":37}},"loc":{"start":{"line":60,"column":56},"end":{"line":87,"column":1}},"line":60},"4":{"name":"(anonymous_4)","decl":{"start":{"line":67,"column":37},"end":{"line":67,"column":38}},"loc":{"start":{"line":67,"column":50},"end":{"line":70,"column":5}},"line":67}},"branchMap":{"0":{"loc":{"start":{"line":15,"column":2},"end":{"line":32,"column":3}},"type":"if","locations":[{"start":{"line":15,"column":2},"end":{"line":32,"column":3}},{"start":{},"end":{}}],"line":15},"1":{"loc":{"start":{"line":43,"column":2},"end":{"line":54,"column":3}},"type":"if","locations":[{"start":{"line":43,"column":2},"end":{"line":54,"column":3}},{"start":{},"end":{}}],"line":43},"2":{"loc":{"start":{"line":66,"column":2},"end":{"line":83,"column":3}},"type":"if","locations":[{"start":{"line":66,"column":2},"end":{"line":83,"column":3}},{"start":{},"end":{}}],"line":66}},"s":{"0":1,"1":1,"2":1,"3":5,"4":5,"5":3,"6":4,"7":3,"8":3,"9":2,"10":2,"11":1,"12":7,"13":7,"14":1,"15":1,"16":6,"17":1,"18":2,"19":2,"20":0,"21":0,"22":0,"23":0,"24":2,"25":2,"26":1},"f":{"0":5,"1":4,"2":7,"3":2,"4":0},"b":{"0":[3,2],"1":[1,6],"2":[0,2]},"_coverageSchema":"1a1c01bbd47fc00a2c39e90264f33305004495a9","hash":"3e99e2ca7829ad6f1c5e624fc99926be82d16bba"}
,"G:\\Projects\\tasks-generator\\server\\models\\Specification.js": {"path":"G:\\Projects\\tasks-generator\\server\\models\\Specification.js","statementMap":{"0":{"start":{"line":1,"column":17},"end":{"line":1,"column":36}},"1":{"start":{"line":3,"column":19},"end":{"line":34,"column":2}},"2":{"start":{"line":36,"column":20},"end":{"line":49,"column":2}},"3":{"start":{"line":51,"column":28},"end":{"line":90,"column":1}},"4":{"start":{"line":92,"column":0},"end":{"line":92,"column":70}}},"fnMap":{},"branchMap":{},"s":{"0":1,"1":1,"2":1,"3":1,"4":1},"f":{},"b":{},"_coverageSchema":"1a1c01bbd47fc00a2c39e90264f33305004495a9","hash":"20a33e1b80bf364474d5ac4438bfca763251d4c4"}
,"G:\\Projects\\tasks-generator\\server\\utils\\aiRetry.js": {"path":"G:\\Projects\\tasks-generator\\server\\utils\\aiRetry.js","statementMap":{"0":{"start":{"line":1,"column":15},"end":{"line":1,"column":42}},"1":{"start":{"line":2,"column":23},"end":{"line":2,"column":54}},"2":{"start":{"line":5,"column":14},"end":{"line":5,"column":71}},"3":{"start":{"line":5,"column":22},"end":{"line":5,"column":71}},"4":{"start":{"line":5,"column":47},"end":{"line":5,"column":70}},"5":{"start":{"line":8,"column":24},"end":{"line":89,"column":1}},"6":{"start":{"line":11,"column":2},"end":{"line":80,"column":3}},"7":{"start":{"line":11,"column":21},"end":{"line":11,"column":22}},"8":{"start":{"line":12,"column":4},"end":{"line":79,"column":5}},"9":{"start":{"line":13,"column":6},"end":{"line":17,"column":9}},"10":{"start":{"line":19,"column":25},"end":{"line":29,"column":8}},"11":{"start":{"line":32,"column":6},"end":{"line":34,"column":7}},"12":{"start":{"line":33,"column":8},"end":{"line":33,"column":57}},"13":{"start":{"line":36,"column":27},"end":{"line":36,"column":66}},"14":{"start":{"line":38,"column":6},"end":{"line":40,"column":7}},"15":{"start":{"line":39,"column":8},"end":{"line":39,"column":45}},"16":{"start":{"line":43,"column":6},"end":{"line":45,"column":7}},"17":{"start":{"line":44,"column":8},"end":{"line":44,"column":61}},"18":{"start":{"line":47,"column":6},"end":{"line":50,"column":9}},"19":{"start":{"line":52,"column":6},"end":{"line":52,"column":26}},"20":{"start":{"line":55,"column":6},"end":{"line":55,"column":24}},"21":{"start":{"line":57,"column":6},"end":{"line":62,"column":9}},"22":{"start":{"line":65,"column":6},"end":{"line":67,"column":7}},"23":{"start":{"line":66,"column":8},"end":{"line":66,"column":14}},"24":{"start":{"line":70,"column":20},"end":{"line":70,"column":59}},"25":{"start":{"line":72,"column":6},"end":{"line":76,"column":9}},"26":{"start":{"line":78,"column":6},"end":{"line":78,"column":25}},"27":{"start":{"line":83,"column":2},"end":{"line":86,"column":5}},"28":{"start":{"line":88,"column":2},"end":{"line":88,"column":86}},"29":{"start":{"line":92,"column":24},"end":{"line":137,"column":1}},"30":{"start":{"line":93,"column":2},"end":{"line":136,"column":3}},"31":{"start":{"line":95,"column":18},"end":{"line":95,"column":37}},"32":{"start":{"line":98,"column":0},"end":{"line":103,"column":1}},"33":{"start":{"line":99,"column":2},"end":{"line":102,"column":12}},"34":{"start":{"line":106,"column":23},"end":{"line":106,"column":46}},"35":{"start":{"line":109,"column":4},"end":{"line":111,"column":5}},"36":{"start":{"line":110,"column":6},"end":{"line":110,"column":77}},"37":{"start":{"line":114,"column":4},"end":{"line":116,"column":5}},"38":{"start":{"line":115,"column":6},"end":{"line":115,"column":54}},"39":{"start":{"line":118,"column":4},"end":{"line":120,"column":5}},"40":{"start":{"line":119,"column":6},"end":{"line":119,"column":59}},"41":{"start":{"line":122,"column":4},"end":{"line":125,"column":7}},"42":{"start":{"line":127,"column":4},"end":{"line":127,"column":22}},"43":{"start":{"line":130,"column":4},"end":{"line":133,"column":7}},"44":{"start":{"line":135,"column":4},"end":{"line":135,"column":69}},"45":{"start":{"line":139,"column":0},"end":{"line":143,"column":2}}},"fnMap":{"0":{"name":"(anonymous_0)","decl":{"start":{"line":5,"column":14},"end":{"line":5,"column":15}},"loc":{"start":{"line":5,"column":22},"end":{"line":5,"column":71}},"line":5},"1":{"name":"(anonymous_1)","decl":{"start":{"line":5,"column":34},"end":{"line":5,"column":35}},"loc":{"start":{"line":5,"column":47},"end":{"line":5,"column":70}},"line":5},"2":{"name":"(anonymous_2)","decl":{"start":{"line":8,"column":24},"end":{"line":8,"column":25}},"loc":{"start":{"line":8,"column":79},"end":{"line":89,"column":1}},"line":8},"3":{"name":"(anonymous_3)","decl":{"start":{"line":92,"column":24},"end":{"line":92,"column":25}},"loc":{"start":{"line":92,"column":42},"end":{"line":137,"column":1}},"line":92}},"branchMap":{"0":{"loc":{"start":{"line":8,"column":39},"end":{"line":8,"column":53}},"type":"default-arg","locations":[{"start":{"line":8,"column":52},"end":{"line":8,"column":53}}],"line":8},"1":{"loc":{"start":{"line":8,"column":55},"end":{"line":8,"column":74}},"type":"default-arg","locations":[{"start":{"line":8,"column":70},"end":{"line":8,"column":74}}],"line":8},"2":{"loc":{"start":{"line":32,"column":6},"end":{"line":34,"column":7}},"type":"if","locations":[{"start":{"line":32,"column":6},"end":{"line":34,"column":7}},{"start":{},"end":{}}],"line":32},"3":{"loc":{"start":{"line":32,"column":10},"end":{"line":32,"column":70}},"type":"binary-expr","locations":[{"start":{"line":32,"column":10},"end":{"line":32,"column":21}},{"start":{"line":32,"column":25},"end":{"line":32,"column":44}},{"start":{"line":32,"column":48},"end":{"line":32,"column":70}}],"line":32},"4":{"loc":{"start":{"line":38,"column":6},"end":{"line":40,"column":7}},"type":"if","locations":[{"start":{"line":38,"column":6},"end":{"line":40,"column":7}},{"start":{},"end":{}}],"line":38},"5":{"loc":{"start":{"line":43,"column":6},"end":{"line":45,"column":7}},"type":"if","locations":[{"start":{"line":43,"column":6},"end":{"line":45,"column":7}},{"start":{},"end":{}}],"line":43},"6":{"loc":{"start":{"line":43,"column":10},"end":{"line":43,"column":68}},"type":"binary-expr","locations":[{"start":{"line":43,"column":10},"end":{"line":43,"column":37}},{"start":{"line":43,"column":41},"end":{"line":43,"column":68}}],"line":43},"7":{"loc":{"start":{"line":65,"column":6},"end":{"line":67,"column":7}},"type":"if","locations":[{"start":{"line":65,"column":6},"end":{"line":67,"column":7}},{"start":{},"end":{}}],"line":65},"8":{"loc":{"start":{"line":98,"column":0},"end":{"line":103,"column":1}},"type":"if","locations":[{"start":{"line":98,"column":0},"end":{"line":103,"column":1}},{"start":{},"end":{}}],"line":98},"9":{"loc":{"start":{"line":109,"column":4},"end":{"line":111,"column":5}},"type":"if","locations":[{"start":{"line":109,"column":4},"end":{"line":111,"column":5}},{"start":{},"end":{}}],"line":109},"10":{"loc":{"start":{"line":109,"column":8},"end":{"line":109,"column":63}},"type":"binary-expr","locations":[{"start":{"line":109,"column":8},"end":{"line":109,"column":31}},{"start":{"line":109,"column":35},"end":{"line":109,"column":63}}],"line":109},"11":{"loc":{"start":{"line":114,"column":4},"end":{"line":116,"column":5}},"type":"if","locations":[{"start":{"line":114,"column":4},"end":{"line":116,"column":5}},{"start":{},"end":{}}],"line":114},"12":{"loc":{"start":{"line":114,"column":8},"end":{"line":114,"column":72}},"type":"binary-expr","locations":[{"start":{"line":114,"column":8},"end":{"line":114,"column":30}},{"start":{"line":114,"column":34},"end":{"line":114,"column":72}}],"line":114},"13":{"loc":{"start":{"line":118,"column":4},"end":{"line":120,"column":5}},"type":"if","locations":[{"start":{"line":118,"column":4},"end":{"line":120,"column":5}},{"start":{},"end":{}}],"line":118},"14":{"loc":{"start":{"line":118,"column":8},"end":{"line":118,"column":82}},"type":"binary-expr","locations":[{"start":{"line":118,"column":8},"end":{"line":118,"column":35}},{"start":{"line":118,"column":39},"end":{"line":118,"column":82}}],"line":118},"15":{"loc":{"start":{"line":123,"column":24},"end":{"line":123,"column":59}},"type":"binary-expr","locations":[{"start":{"line":123,"column":24},"end":{"line":123,"column":54}},{"start":{"line":123,"column":58},"end":{"line":123,"column":59}}],"line":123},"16":{"loc":{"start":{"line":124,"column":29},"end":{"line":124,"column":69}},"type":"binary-expr","locations":[{"start":{"line":124,"column":29},"end":{"line":124,"column":64}},{"start":{"line":124,"column":68},"end":{"line":124,"column":69}}],"line":124}},"s":{"0":1,"1":1,"2":1,"3":0,"4":0,"5":1,"6":2,"7":2,"8":2,"9":2,"10":2,"11":2,"12":0,"13":2,"14":2,"15":0,"16":2,"17":0,"18":2,"19":2,"20":0,"21":0,"22":0,"23":0,"24":0,"25":0,"26":0,"27":0,"28":0,"29":1,"30":0,"31":0,"32":0,"33":0,"34":0,"35":0,"36":0,"37":0,"38":0,"39":0,"40":0,"41":0,"42":0,"43":0,"44":0,"45":1},"f":{"0":0,"1":0,"2":2,"3":0},"b":{"0":[0],"1":[0],"2":[0,2],"3":[2,2,2],"4":[0,2],"5":[0,2],"6":[2,2],"7":[0,0],"8":[0,0],"9":[0,0],"10":[0,0],"11":[0,0],"12":[0,0],"13":[0,0],"14":[0,0],"15":[0,0],"16":[0,0]},"_coverageSchema":"1a1c01bbd47fc00a2c39e90264f33305004495a9","hash":"0d59ae4390335a04495ca53d9b7f07104e40444a"}
,"G:\\Projects\\tasks-generator\\server\\utils\\promptBuilder.js": {"path":"G:\\Projects\\tasks-generator\\server\\utils\\promptBuilder.js","statementMap":{"0":{"start":{"line":1,"column":20},"end":{"line":40,"column":1}},"1":{"start":{"line":2,"column":2},"end":{"line":39,"column":2}},"2":{"start":{"line":42,"column":0},"end":{"line":42,"column":33}}},"fnMap":{"0":{"name":"(anonymous_0)","decl":{"start":{"line":1,"column":20},"end":{"line":1,"column":21}},"loc":{"start":{"line":1,"column":64},"end":{"line":40,"column":1}},"line":1}},"branchMap":{},"s":{"0":1,"1":2,"2":1},"f":{"0":2},"b":{},"_coverageSchema":"1a1c01bbd47fc00a2c39e90264f33305004495a9","hash":"56a4ef523d80527279c82c279e9ecd64f4cfef91"}
,"G:\\Projects\\tasks-generator\\server\\utils\\validationSchemas.js": {"path":"G:\\Projects\\tasks-generator\\server\\utils\\validationSchemas.js","statementMap":{"0":{"start":{"line":1,"column":12},"end":{"line":1,"column":26}},"1":{"start":{"line":4,"column":28},"end":{"line":50,"column":2}},"2":{"start":{"line":53,"column":19},"end":{"line":61,"column":2}},"3":{"start":{"line":64,"column":20},"end":{"line":73,"column":2}},"4":{"start":{"line":76,"column":34},"end":{"line":81,"column":9}},"5":{"start":{"line":84,"column":23},"end":{"line":88,"column":4}},"6":{"start":{"line":90,"column":0},"end":{"line":96,"column":2}}},"fnMap":{},"branchMap":{},"s":{"0":1,"1":1,"2":1,"3":1,"4":1,"5":1,"6":1},"f":{},"b":{},"_coverageSchema":"1a1c01bbd47fc00a2c39e90264f33305004495a9","hash":"941f6ad8c9af908aa59e84a77550189a93b690fc"}
}
