TN:
SF:controllers\healthController.js
FN:7,(anonymous_0)
FN:93,(anonymous_1)
FN:101,(anonymous_2)
FN:125,(anonymous_3)
FNF:4
FNH:0
FNDA:0,(anonymous_0)
FNDA:0,(anonymous_1)
FNDA:0,(anonymous_2)
FNDA:0,(anonymous_3)
DA:1,0
DA:2,0
DA:3,0
DA:4,0
DA:7,0
DA:8,0
DA:9,0
DA:12,0
DA:20,0
DA:26,0
DA:27,0
DA:28,0
DA:30,0
DA:31,0
DA:35,0
DA:54,0
DA:57,0
DA:59,0
DA:71,0
DA:76,0
DA:79,0
DA:84,0
DA:93,0
DA:94,0
DA:101,0
DA:102,0
DA:104,0
DA:105,0
DA:111,0
DA:117,0
DA:125,0
DA:126,0
DA:127,0
DA:130,0
DA:131,0
DA:134,0
DA:138,0
DA:152,0
DA:155,0
DA:159,0
DA:166,0
LF:41
LH:0
BRDA:13,0,0,0
BRDA:13,0,1,0
BRDA:28,1,0,0
BRDA:28,1,1,0
BRDA:54,2,0,0
BRDA:54,2,1,0
BRDA:61,3,0,0
BRDA:61,3,1,0
BRDA:76,4,0,0
BRDA:76,4,1,0
BRDA:104,5,0,0
BRDA:104,5,1,0
BRF:12
BRH:0
end_of_record
TN:
SF:controllers\specificationController.js
FN:7,(anonymous_0)
FN:52,(anonymous_1)
FN:66,(anonymous_2)
FN:103,(anonymous_3)
FN:123,(anonymous_4)
FN:147,(anonymous_5)
FN:180,(anonymous_6)
FNF:7
FNH:7
FNDA:2,(anonymous_0)
FNDA:2,(anonymous_1)
FNDA:2,(anonymous_2)
FNDA:3,(anonymous_3)
FNDA:2,(anonymous_4)
FNDA:2,(anonymous_5)
FNDA:2,(anonymous_6)
DA:1,1
DA:3,1
DA:4,1
DA:7,1
DA:8,2
DA:9,2
DA:12,2
DA:28,2
DA:30,2
DA:31,0
DA:35,2
DA:36,2
DA:40,2
DA:42,0
DA:43,0
DA:47,2
DA:48,2
DA:51,2
DA:52,2
DA:53,2
DA:65,2
DA:66,2
DA:67,2
DA:79,2
DA:87,2
DA:89,2
DA:94,0
DA:95,0
DA:103,1
DA:104,3
DA:105,3
DA:110,3
DA:115,0
DA:123,1
DA:124,2
DA:125,2
DA:127,2
DA:128,1
DA:134,1
DA:139,0
DA:147,1
DA:148,2
DA:149,2
DA:151,2
DA:153,2
DA:154,0
DA:160,2
DA:161,2
DA:162,2
DA:163,2
DA:165,2
DA:167,2
DA:172,0
DA:180,1
DA:181,2
DA:182,2
DA:184,2
DA:185,1
DA:191,1
DA:193,1
DA:198,0
DA:205,1
LF:62
LH:52
BRDA:9,0,0,0
BRDA:30,1,0,0
BRDA:30,1,1,2
BRDA:51,2,0,2
BRDA:51,2,1,0
BRDA:51,3,0,2
BRDA:51,3,1,2
BRDA:58,4,0,2
BRDA:58,4,1,0
BRDA:65,5,0,2
BRDA:65,5,1,0
BRDA:65,6,0,2
BRDA:65,6,1,2
BRDA:72,7,0,2
BRDA:72,7,1,0
BRDA:83,8,0,2
BRDA:83,8,1,0
BRDA:84,9,0,2
BRDA:84,9,1,0
BRDA:97,10,0,0
BRDA:97,10,1,0
BRDA:127,11,0,1
BRDA:127,11,1,1
BRDA:153,12,0,0
BRDA:153,12,1,2
BRDA:160,13,0,1
BRDA:160,13,1,1
BRDA:161,14,0,0
BRDA:161,14,1,2
BRDA:162,15,0,1
BRDA:162,15,1,1
BRDA:163,16,0,1
BRDA:163,16,1,1
BRDA:184,17,0,1
BRDA:184,17,1,1
BRF:35
BRH:23
end_of_record
TN:
SF:controllers\statusController.js
FN:4,(anonymous_0)
FNF:1
FNH:0
FNDA:0,(anonymous_0)
DA:1,0
DA:2,0
DA:4,0
DA:5,0
DA:7,0
DA:13,0
DA:20,0
DA:26,0
DA:27,0
DA:28,0
DA:30,0
DA:31,0
DA:34,0
DA:47,0
DA:54,0
LF:15
LH:0
BRDA:14,0,0,0
BRDA:14,0,1,0
BRDA:28,1,0,0
BRDA:28,1,1,0
BRDA:40,2,0,0
BRDA:40,2,1,0
BRDA:40,3,0,0
BRDA:40,3,1,0
BRDA:40,3,2,0
BRF:9
BRH:0
end_of_record
TN:
SF:middleware\errorHandler.js
FN:5,(anonymous_0)
FN:15,(anonymous_1)
FN:47,(anonymous_2)
FN:66,(anonymous_3)
FN:66,(anonymous_4)
FN:71,(anonymous_5)
FNF:6
FNH:0
FNDA:0,(anonymous_0)
FNDA:0,(anonymous_1)
FNDA:0,(anonymous_2)
FNDA:0,(anonymous_3)
FNDA:0,(anonymous_4)
FNDA:0,(anonymous_5)
DA:1,0
DA:6,0
DA:7,0
DA:8,0
DA:9,0
DA:10,0
DA:15,0
DA:16,0
DA:17,0
DA:18,0
DA:21,0
DA:34,0
DA:35,0
DA:36,0
DA:40,0
DA:41,0
DA:42,0
DA:46,0
DA:47,0
DA:48,0
DA:52,0
DA:53,0
DA:54,0
DA:58,0
DA:66,0
DA:67,0
DA:71,0
DA:72,0
DA:73,0
DA:78,0
DA:81,0
LF:31
LH:0
BRDA:5,0,0,0
BRDA:9,1,0,0
BRDA:9,1,1,0
BRDA:24,2,0,0
BRDA:24,2,1,0
BRDA:34,3,0,0
BRDA:34,3,1,0
BRDA:40,4,0,0
BRDA:40,4,1,0
BRDA:46,5,0,0
BRDA:46,5,1,0
BRDA:52,6,0,0
BRDA:52,6,1,0
BRDA:52,7,0,0
BRDA:52,7,1,0
BRDA:53,8,0,0
BRDA:53,8,1,0
BRDA:58,9,0,0
BRDA:58,9,1,0
BRDA:60,10,0,0
BRDA:60,10,1,0
BRDA:61,11,0,0
BRDA:61,11,1,0
BRF:23
BRH:0
end_of_record
TN:
SF:middleware\validator.js
FN:9,(anonymous_0)
FN:16,(anonymous_1)
FN:40,(anonymous_2)
FN:60,(anonymous_3)
FN:67,(anonymous_4)
FNF:5
FNH:4
FNDA:5,(anonymous_0)
FNDA:4,(anonymous_1)
FNDA:7,(anonymous_2)
FNDA:2,(anonymous_3)
FNDA:0,(anonymous_4)
DA:1,1
DA:6,1
DA:9,1
DA:10,5
DA:15,5
DA:16,4
DA:21,3
DA:27,3
DA:35,2
DA:36,2
DA:40,1
DA:41,7
DA:43,7
DA:44,1
DA:50,1
DA:56,6
DA:60,1
DA:61,2
DA:66,2
DA:67,0
DA:72,0
DA:78,0
DA:85,2
DA:86,2
DA:89,1
LF:25
LH:22
BRDA:15,0,0,3
BRDA:15,0,1,2
BRDA:43,1,0,1
BRDA:43,1,1,6
BRDA:66,2,0,0
BRDA:66,2,1,2
BRF:6
BRH:5
end_of_record
TN:
SF:models\Specification.js
FNF:0
FNH:0
DA:1,1
DA:3,1
DA:36,1
DA:51,1
DA:92,1
LF:5
LH:5
BRF:0
BRH:0
end_of_record
TN:
SF:utils\aiRetry.js
FN:5,(anonymous_0)
FN:5,(anonymous_1)
FN:8,(anonymous_2)
FN:92,(anonymous_3)
FNF:4
FNH:1
FNDA:0,(anonymous_0)
FNDA:0,(anonymous_1)
FNDA:2,(anonymous_2)
FNDA:0,(anonymous_3)
DA:1,1
DA:2,1
DA:5,1
DA:8,1
DA:11,2
DA:12,2
DA:13,2
DA:19,2
DA:32,2
DA:33,0
DA:36,2
DA:38,2
DA:39,0
DA:43,2
DA:44,0
DA:47,2
DA:52,2
DA:55,0
DA:57,0
DA:65,0
DA:66,0
DA:70,0
DA:72,0
DA:78,0
DA:83,0
DA:88,0
DA:92,1
DA:93,0
DA:95,0
DA:98,0
DA:99,0
DA:106,0
DA:109,0
DA:110,0
DA:114,0
DA:115,0
DA:118,0
DA:119,0
DA:122,0
DA:127,0
DA:130,0
DA:135,0
DA:139,1
LF:43
LH:16
BRDA:8,0,0,0
BRDA:8,1,0,0
BRDA:32,2,0,0
BRDA:32,2,1,2
BRDA:32,3,0,2
BRDA:32,3,1,2
BRDA:32,3,2,2
BRDA:38,4,0,0
BRDA:38,4,1,2
BRDA:43,5,0,0
BRDA:43,5,1,2
BRDA:43,6,0,2
BRDA:43,6,1,2
BRDA:65,7,0,0
BRDA:65,7,1,0
BRDA:98,8,0,0
BRDA:98,8,1,0
BRDA:109,9,0,0
BRDA:109,9,1,0
BRDA:109,10,0,0
BRDA:109,10,1,0
BRDA:114,11,0,0
BRDA:114,11,1,0
BRDA:114,12,0,0
BRDA:114,12,1,0
BRDA:118,13,0,0
BRDA:118,13,1,0
BRDA:118,14,0,0
BRDA:118,14,1,0
BRDA:123,15,0,0
BRDA:123,15,1,0
BRDA:124,16,0,0
BRDA:124,16,1,0
BRF:33
BRH:8
end_of_record
TN:
SF:utils\promptBuilder.js
FN:1,(anonymous_0)
FNF:1
FNH:1
FNDA:2,(anonymous_0)
DA:1,1
DA:2,2
DA:42,1
LF:3
LH:3
BRF:0
BRH:0
end_of_record
TN:
SF:utils\validationSchemas.js
FNF:0
FNH:0
DA:1,1
DA:4,1
DA:53,1
DA:64,1
DA:76,1
DA:84,1
DA:90,1
LF:7
LH:7
BRF:0
BRH:0
end_of_record
